<?xml version="1.0" encoding="UTF-8"?>
<testng-results ignored="0" total="1" passed="1" failed="0" skipped="0">
  <reporter-output>
  </reporter-output>
  <suite started-at="2024-01-13T04:52:32 TRT" name="Default suite" finished-at="2024-01-13T04:52:53 TRT" duration-ms="21017">
    <groups>
    </groups>
    <test started-at="2024-01-13T04:52:32 TRT" name="Default test" finished-at="2024-01-13T04:52:53 TRT" duration-ms="21017">
      <class name="tests.AllTests">
        <test-method is-config="true" signature="setUp()[pri:0, instance:tests.AllTests@3cad68df]" started-at="2024-01-13T04:52:32 TRT" name="setUp" finished-at="2024-01-13T04:52:37 TRT" duration-ms="4535" status="PASS">
          <reporter-output>
          </reporter-output>
        </test-method> <!-- setUp -->
        <test-method signature="AllTestCase()[pri:0, instance:tests.AllTests@3cad68df]" started-at="2024-01-13T04:52:37 TRT" name="AllTestCase" finished-at="2024-01-13T04:52:53 TRT" duration-ms="16205" status="PASS">
          <reporter-output>
          </reporter-output>
        </test-method> <!-- AllTestCase -->
        <test-method is-config="true" signature="tearDown(org.testng.ITestResult)[pri:0, instance:tests.AllTests@3cad68df]" started-at="2024-01-13T04:52:53 TRT" name="tearDown" finished-at="2024-01-13T04:52:53 TRT" duration-ms="257" status="PASS">
          <params>
            <param index="0">
              <value>
                <![CDATA[[TestResult name=AllTestCase status=SUCCESS method=AllTests.AllTestCase()[pri:0, instance:tests.AllTests@3cad68df] output={null}]]]>
              </value>
            </param>
          </params>
          <reporter-output>
          </reporter-output>
        </test-method> <!-- tearDown -->
      </class> <!-- tests.AllTests -->
    </test> <!-- Default test -->
  </suite> <!-- Default suite -->
</testng-results>
